<?xml version="1.0" encoding="UTF-8"?>
<!-- Generated by org.testng.reporters.JUnitReportReporter -->
<testsuite hostname="LAPTOP-O2KMHTIH" failures="0" tests="2" name="day35.AllAnnotations" time="0.010" errors="0" timestamp="2023-06-06T10:30:11 IST" skipped="0">
  <testcase classname="day35.AllAnnotations" name="tm1" time="0.008"/>
  <system-out/>
  <testcase classname="day35.AllAnnotations" name="tm2" time="0.002"/>
  <system-out/>
</testsuite> <!-- day35.AllAnnotations -->
