<?xml version="1.0" encoding="UTF-8"?>
<!-- Generated by org.testng.reporters.JUnitReportReporter -->
<testsuite hostname="LAPTOP-O2KMHTIH" failures="0" tests="2" name="day35.pack1.Class1" time="0.008" errors="0" timestamp="2023-06-06T10:34:17 IST" skipped="0">
  <testcase classname="day35.pack1.Class1" name="abc" time="0.007"/>
  <system-out/>
  <testcase classname="day35.pack1.Class1" name="abc" time="0.001"/>
  <system-out/>
</testsuite> <!-- day35.pack1.Class1 -->
