<?xml version="1.0" encoding="UTF-8"?>
<!-- Generated by org.testng.reporters.JUnitReportReporter -->
<testsuite hostname="LAPTOP-O2KMHTIH" failures="0" tests="3" name="day36.Grouping" time="0.016" errors="0" timestamp="2023-06-07T15:39:12 IST" skipped="0">
  <testcase classname="day36.Grouping" name="signupbyfacebook" time="0.015"/>
  <system-out/>
  <testcase classname="day36.Grouping" name="signupbytwitter" time="0.000"/>
  <system-out/>
  <testcase classname="day36.Grouping" name="paymentReturnbyBank" time="0.001"/>
  <system-out/>
</testsuite> <!-- day36.Grouping -->
