<?xml version="1.0" encoding="UTF-8"?>
<!-- Generated by org.testng.reporters.JUnitReportReporter -->
<testsuite hostname="LAPTOP-O2KMHTIH" failures="0" tests="3" name="day34.SecondTest" time="7.076" errors="0" timestamp="2023-06-05T22:37:17 IST" skipped="0">
  <testcase classname="day34.SecondTest" name="openApp" time="5.860"/>
  <system-out/>
  <testcase classname="day34.SecondTest" name="login" time="1.040"/>
  <system-out/>
  <testcase classname="day34.SecondTest" name="closeApp" time="0.176"/>
  <system-out/>
</testsuite> <!-- day34.SecondTest -->
