<?xml version="1.0" encoding="UTF-8"?>
<!-- Generated by org.testng.reporters.JUnitReportReporter -->
<testsuite hostname="LAPTOP-O2KMHTIH" failures="0" tests="4" name="day37.ParamTest" time="0.268" errors="0" timestamp="2023-06-08T11:15:31 IST" skipped="0">
  <testcase classname="day37.ParamTest" name="testLogo" time="0.168"/>
  <system-out/>
  <testcase classname="day37.ParamTest" name="testLogo" time="0.074"/>
  <system-out/>
  <testcase classname="day37.ParamTest" name="testHomePageTitle" time="0.014"/>
  <system-out/>
  <testcase classname="day37.ParamTest" name="testHomePageTitle" time="0.012"/>
  <system-out/>
</testsuite> <!-- day37.ParamTest -->
