<?xml version="1.0" encoding="UTF-8"?>
<!-- Generated by org.testng.reporters.JUnitReportReporter -->
<testsuite hostname="LAPTOP-O2KMHTIH" failures="0" tests="3" name="day34.ThirdTestCase" time="0.005" errors="0" timestamp="2023-06-05T22:37:17 IST" skipped="0">
  <testcase classname="day34.ThirdTestCase" name="test1" time="0.002"/>
  <system-out/>
  <testcase classname="day34.ThirdTestCase" name="test2" time="0.002"/>
  <system-out/>
  <testcase classname="day34.ThirdTestCase" name="test3" time="0.001"/>
  <system-out/>
</testsuite> <!-- day34.ThirdTestCase -->
